2023-08-28 22:53:35 [INFO] Configured app logging, linked to file:
./logs/log1.log

2023-08-28 22:53:36 [INFO] Configured app logging, linked to file:
./logs/log1.log

2023-08-29 00:20:35 [ERROR] Failed to delete user
Traceback (most recent call last):
  File "/home/sale/projects/coursework/iep_project/store_management_system/development/user_management_system/authentication_service/app/blueprints/delete.py", line 50, in delete_user
    user = User.filter_by(email=data['email']) \
AttributeError: type object 'User' has no attribute 'filter_by'
2023-08-29 00:20:35 [ERROR] Failed to delete user
Traceback (most recent call last):
  File "/home/sale/projects/coursework/iep_project/store_management_system/development/user_management_system/authentication_service/app/blueprints/delete.py", line 50, in delete_user
    user = User.filter_by(email=data['email']) \
AttributeError: type object 'User' has no attribute 'filter_by'
2023-08-29 00:20:35 [ERROR] Failed to delete user
Traceback (most recent call last):
  File "/home/sale/projects/coursework/iep_project/store_management_system/development/user_management_system/authentication_service/app/blueprints/delete.py", line 50, in delete_user
    user = User.filter_by(email=data['email']) \
AttributeError: type object 'User' has no attribute 'filter_by'
2023-08-29 00:20:35 [ERROR] Failed to delete user
Traceback (most recent call last):
  File "/home/sale/projects/coursework/iep_project/store_management_system/development/user_management_system/authentication_service/app/blueprints/delete.py", line 50, in delete_user
    user = User.filter_by(email=data['email']) \
AttributeError: type object 'User' has no attribute 'filter_by'
2023-08-29 00:21:56 [ERROR] Failed to register customer
Traceback (most recent call last):
  File "/home/sale/projects/coursework/iep_project/store_management_system/development/user_management_system/authentication_service/app/blueprints/register.py", line 100, in register_user_view
    raise e
  File "/home/sale/projects/coursework/iep_project/store_management_system/development/user_management_system/authentication_service/app/blueprints/register.py", line 94, in register_user_view
    has_role = HasRole(user_id=user.id, role_id=role.id)
AttributeError: 'NoneType' object has no attribute 'id'
2023-08-29 00:21:56 [ERROR] Failed to register courier
Traceback (most recent call last):
  File "/home/sale/projects/coursework/iep_project/store_management_system/development/user_management_system/authentication_service/app/blueprints/register.py", line 100, in register_user_view
    raise e
  File "/home/sale/projects/coursework/iep_project/store_management_system/development/user_management_system/authentication_service/app/blueprints/register.py", line 94, in register_user_view
    has_role = HasRole(user_id=user.id, role_id=role.id)
AttributeError: 'NoneType' object has no attribute 'id'
2023-08-29 00:21:56 [ERROR] Failed to register courier
Traceback (most recent call last):
  File "/home/sale/projects/coursework/iep_project/store_management_system/development/user_management_system/authentication_service/app/blueprints/register.py", line 100, in register_user_view
    raise e
  File "/home/sale/projects/coursework/iep_project/store_management_system/development/user_management_system/authentication_service/app/blueprints/register.py", line 94, in register_user_view
    has_role = HasRole(user_id=user.id, role_id=role.id)
AttributeError: 'NoneType' object has no attribute 'id'
2023-08-29 00:21:56 [ERROR] Failed to register customer
Traceback (most recent call last):
  File "/home/sale/projects/coursework/iep_project/store_management_system/development/user_management_system/authentication_service/app/blueprints/register.py", line 100, in register_user_view
    raise e
  File "/home/sale/projects/coursework/iep_project/store_management_system/development/user_management_system/authentication_service/app/blueprints/register.py", line 94, in register_user_view
    has_role = HasRole(user_id=user.id, role_id=role.id)
AttributeError: 'NoneType' object has no attribute 'id'
2023-08-29 00:21:56 [ERROR] Failed to register courier
Traceback (most recent call last):
  File "/home/sale/projects/coursework/iep_project/store_management_system/development/user_management_system/authentication_service/app/blueprints/register.py", line 100, in register_user_view
    raise e
  File "/home/sale/projects/coursework/iep_project/store_management_system/development/user_management_system/authentication_service/app/blueprints/register.py", line 94, in register_user_view
    has_role = HasRole(user_id=user.id, role_id=role.id)
AttributeError: 'NoneType' object has no attribute 'id'
2023-08-29 00:21:57 [ERROR] Failed to register customer
Traceback (most recent call last):
  File "/home/sale/projects/coursework/iep_project/store_management_system/development/user_management_system/authentication_service/app/blueprints/register.py", line 100, in register_user_view
    raise e
  File "/home/sale/projects/coursework/iep_project/store_management_system/development/user_management_system/authentication_service/app/blueprints/register.py", line 94, in register_user_view
    has_role = HasRole(user_id=user.id, role_id=role.id)
AttributeError: 'NoneType' object has no attribute 'id'
2023-08-29 00:22:30 [ERROR] Failed to register customer
Traceback (most recent call last):
  File "/home/sale/projects/coursework/iep_project/store_management_system/development/user_management_system/authentication_service/app/blueprints/register.py", line 100, in register_user_view
    raise e
  File "/home/sale/projects/coursework/iep_project/store_management_system/development/user_management_system/authentication_service/app/blueprints/register.py", line 94, in register_user_view
    has_role = HasRole(user_id=user.id, role_id=role.id)
AttributeError: 'NoneType' object has no attribute 'id'
2023-08-29 00:22:31 [ERROR] Failed to register courier
Traceback (most recent call last):
  File "/home/sale/projects/coursework/iep_project/store_management_system/development/user_management_system/authentication_service/app/blueprints/register.py", line 100, in register_user_view
    raise e
  File "/home/sale/projects/coursework/iep_project/store_management_system/development/user_management_system/authentication_service/app/blueprints/register.py", line 94, in register_user_view
    has_role = HasRole(user_id=user.id, role_id=role.id)
AttributeError: 'NoneType' object has no attribute 'id'
2023-08-29 00:22:31 [ERROR] Failed to register courier
Traceback (most recent call last):
  File "/home/sale/projects/coursework/iep_project/store_management_system/development/user_management_system/authentication_service/app/blueprints/register.py", line 100, in register_user_view
    raise e
  File "/home/sale/projects/coursework/iep_project/store_management_system/development/user_management_system/authentication_service/app/blueprints/register.py", line 94, in register_user_view
    has_role = HasRole(user_id=user.id, role_id=role.id)
AttributeError: 'NoneType' object has no attribute 'id'
2023-08-29 00:22:31 [ERROR] Failed to register customer
Traceback (most recent call last):
  File "/home/sale/projects/coursework/iep_project/store_management_system/development/user_management_system/authentication_service/app/blueprints/register.py", line 100, in register_user_view
    raise e
  File "/home/sale/projects/coursework/iep_project/store_management_system/development/user_management_system/authentication_service/app/blueprints/register.py", line 94, in register_user_view
    has_role = HasRole(user_id=user.id, role_id=role.id)
AttributeError: 'NoneType' object has no attribute 'id'
2023-08-29 00:22:31 [ERROR] Failed to register courier
Traceback (most recent call last):
  File "/home/sale/projects/coursework/iep_project/store_management_system/development/user_management_system/authentication_service/app/blueprints/register.py", line 100, in register_user_view
    raise e
  File "/home/sale/projects/coursework/iep_project/store_management_system/development/user_management_system/authentication_service/app/blueprints/register.py", line 94, in register_user_view
    has_role = HasRole(user_id=user.id, role_id=role.id)
AttributeError: 'NoneType' object has no attribute 'id'
2023-08-29 00:22:31 [ERROR] Failed to register customer
Traceback (most recent call last):
  File "/home/sale/projects/coursework/iep_project/store_management_system/development/user_management_system/authentication_service/app/blueprints/register.py", line 100, in register_user_view
    raise e
  File "/home/sale/projects/coursework/iep_project/store_management_system/development/user_management_system/authentication_service/app/blueprints/register.py", line 94, in register_user_view
    has_role = HasRole(user_id=user.id, role_id=role.id)
AttributeError: 'NoneType' object has no attribute 'id'
2023-08-29 00:23:47 [INFO] Configured app logging, linked to file:
./logs/log1.log

2023-08-29 00:24:13 [INFO] Configured app logging, linked to file:
./logs/log1.log

2023-08-29 00:24:14 [INFO] Configured app logging, linked to file:
./logs/log1.log

2023-08-29 00:24:25 [ERROR] Failed to register customer
Traceback (most recent call last):
  File "/home/sale/projects/coursework/iep_project/store_management_system/development/user_management_system/authentication_service/app/blueprints/register.py", line 100, in register_user_view
    raise e
  File "/home/sale/projects/coursework/iep_project/store_management_system/development/user_management_system/authentication_service/app/blueprints/register.py", line 94, in register_user_view
    has_role = HasRole(user_id=user.id, role_id=role.id)
AttributeError: 'NoneType' object has no attribute 'id'
2023-08-29 00:24:25 [ERROR] Failed to register courier
Traceback (most recent call last):
  File "/home/sale/projects/coursework/iep_project/store_management_system/development/user_management_system/authentication_service/app/blueprints/register.py", line 100, in register_user_view
    raise e
  File "/home/sale/projects/coursework/iep_project/store_management_system/development/user_management_system/authentication_service/app/blueprints/register.py", line 94, in register_user_view
    has_role = HasRole(user_id=user.id, role_id=role.id)
AttributeError: 'NoneType' object has no attribute 'id'
2023-08-29 00:24:25 [ERROR] Failed to register courier
Traceback (most recent call last):
  File "/home/sale/projects/coursework/iep_project/store_management_system/development/user_management_system/authentication_service/app/blueprints/register.py", line 100, in register_user_view
    raise e
  File "/home/sale/projects/coursework/iep_project/store_management_system/development/user_management_system/authentication_service/app/blueprints/register.py", line 94, in register_user_view
    has_role = HasRole(user_id=user.id, role_id=role.id)
AttributeError: 'NoneType' object has no attribute 'id'
2023-08-29 00:24:25 [ERROR] Failed to register customer
Traceback (most recent call last):
  File "/home/sale/projects/coursework/iep_project/store_management_system/development/user_management_system/authentication_service/app/blueprints/register.py", line 100, in register_user_view
    raise e
  File "/home/sale/projects/coursework/iep_project/store_management_system/development/user_management_system/authentication_service/app/blueprints/register.py", line 94, in register_user_view
    has_role = HasRole(user_id=user.id, role_id=role.id)
AttributeError: 'NoneType' object has no attribute 'id'
2023-08-29 00:24:25 [ERROR] Failed to register courier
Traceback (most recent call last):
  File "/home/sale/projects/coursework/iep_project/store_management_system/development/user_management_system/authentication_service/app/blueprints/register.py", line 100, in register_user_view
    raise e
  File "/home/sale/projects/coursework/iep_project/store_management_system/development/user_management_system/authentication_service/app/blueprints/register.py", line 94, in register_user_view
    has_role = HasRole(user_id=user.id, role_id=role.id)
AttributeError: 'NoneType' object has no attribute 'id'
2023-08-29 00:24:25 [ERROR] Failed to register customer
Traceback (most recent call last):
  File "/home/sale/projects/coursework/iep_project/store_management_system/development/user_management_system/authentication_service/app/blueprints/register.py", line 100, in register_user_view
    raise e
  File "/home/sale/projects/coursework/iep_project/store_management_system/development/user_management_system/authentication_service/app/blueprints/register.py", line 94, in register_user_view
    has_role = HasRole(user_id=user.id, role_id=role.id)
AttributeError: 'NoneType' object has no attribute 'id'
2023-08-29 00:34:28 [INFO] Configured app logging, linked to file:
./logs/log1.log

2023-08-29 00:34:29 [INFO] Configured app logging, linked to file:
./logs/log1.log

